<?xml version="1.0" encoding="UTF-8"?>
<!-- Generated by org.testng.reporters.JUnitReportReporter -->
<testsuite hostname="Sayed-Sadat" failures="1" tests="1" name="validation_tests.JsonSchemaValidation" time="2.768" errors="0" timestamp="2023-10-17T17:06:31 PDT" skipped="0">
  <testcase classname="validation_tests.JsonSchemaValidation" name="jsonSchemavalidation" time="2.768">
    <failure message="1 expectation failed.
Response body doesn&#039;t match expectation.
Expected: The content to match the given JSON schema.
error: object has missing required properties ([&quot;address&quot;,&quot;balance&quot;,&quot;created&quot;,&quot;currency&quot;,&quot;default_source&quot;,&quot;delinquent&quot;,&quot;description&quot;,&quot;discount&quot;,&quot;email&quot;,&quot;id&quot;,&quot;invoice_prefix&quot;,&quot;invoice_settings&quot;,&quot;livemode&quot;,&quot;metadata&quot;,&quot;name&quot;,&quot;next_invoice_sequence&quot;,&quot;object&quot;,&quot;phone&quot;,&quot;preferred_locales&quot;,&quot;shipping&quot;,&quot;tax_exempt&quot;,&quot;test_clock&quot;])
    level: &quot;error&quot;
    schema: {&quot;loadingURI&quot;:&quot;#&quot;,&quot;pointer&quot;:&quot;&quot;}
    instance: {&quot;pointer&quot;:&quot;&quot;}
    domain: &quot;validation&quot;
    keyword: &quot;required&quot;
    required: [&quot;address&quot;,&quot;balance&quot;,&quot;created&quot;,&quot;currency&quot;,&quot;default_source&quot;,&quot;delinquent&quot;,&quot;description&quot;,&quot;discount&quot;,&quot;email&quot;,&quot;id&quot;,&quot;invoice_prefix&quot;,&quot;invoice_settings&quot;,&quot;livemode&quot;,&quot;metadata&quot;,&quot;name&quot;,&quot;next_invoice_sequence&quot;,&quot;object&quot;,&quot;phone&quot;,&quot;preferred_locales&quot;,&quot;shipping&quot;,&quot;tax_exempt&quot;,&quot;test_clock&quot;]
    missing: [&quot;address&quot;,&quot;balance&quot;,&quot;created&quot;,&quot;currency&quot;,&quot;default_source&quot;,&quot;delinquent&quot;,&quot;description&quot;,&quot;discount&quot;,&quot;email&quot;,&quot;id&quot;,&quot;invoice_prefix&quot;,&quot;invoice_settings&quot;,&quot;livemode&quot;,&quot;metadata&quot;,&quot;name&quot;,&quot;next_invoice_sequence&quot;,&quot;object&quot;,&quot;phone&quot;,&quot;preferred_locales&quot;,&quot;shipping&quot;,&quot;tax_exempt&quot;,&quot;test_clock&quot;]

  Actual: {
  &quot;error&quot;: {
    &quot;code&quot;: &quot;resource_missing&quot;,
    &quot;doc_url&quot;: &quot;https://stripe.com/docs/error-codes/resource-missing&quot;,
    &quot;message&quot;: &quot;No such customer: &#039;cus_OnNtYWKE44VDjR&#039;&quot;,
    &quot;param&quot;: &quot;id&quot;,
    &quot;request_log_url&quot;: &quot;https://dashboard.stripe.com/test/logs/req_Vq3STohGRcY2t0?t=1697587589&quot;,
    &quot;type&quot;: &quot;invalid_request_error&quot;
  }
}

" type="java.lang.AssertionError">
      <![CDATA[java.lang.AssertionError: 1 expectation failed.
Response body doesn't match expectation.
Expected: The content to match the given JSON schema.
error: object has missing required properties (["address","balance","created","currency","default_source","delinquent","description","discount","email","id","invoice_prefix","invoice_settings","livemode","metadata","name","next_invoice_sequence","object","phone","preferred_locales","shipping","tax_exempt","test_clock"])
    level: "error"
    schema: {"loadingURI":"#","pointer":""}
    instance: {"pointer":""}
    domain: "validation"
    keyword: "required"
    required: ["address","balance","created","currency","default_source","delinquent","description","discount","email","id","invoice_prefix","invoice_settings","livemode","metadata","name","next_invoice_sequence","object","phone","preferred_locales","shipping","tax_exempt","test_clock"]
    missing: ["address","balance","created","currency","default_source","delinquent","description","discount","email","id","invoice_prefix","invoice_settings","livemode","metadata","name","next_invoice_sequence","object","phone","preferred_locales","shipping","tax_exempt","test_clock"]

  Actual: {
  "error": {
    "code": "resource_missing",
    "doc_url": "https://stripe.com/docs/error-codes/resource-missing",
    "message": "No such customer: 'cus_OnNtYWKE44VDjR'",
    "param": "id",
    "request_log_url": "https://dashboard.stripe.com/test/logs/req_Vq3STohGRcY2t0?t=1697587589",
    "type": "invalid_request_error"
  }
}


at java.base/jdk.internal.reflect.DirectConstructorHandleAccessor.newInstance(DirectConstructorHandleAccessor.java:67)
at java.base/java.lang.reflect.Constructor.newInstanceWithCaller(Constructor.java:500)
at java.base/java.lang.reflect.Constructor.newInstance(Constructor.java:484)
at org.codehaus.groovy.reflection.CachedConstructor.invoke(CachedConstructor.java:73)
at org.codehaus.groovy.runtime.callsite.ConstructorSite$ConstructorSiteNoUnwrapNoCoerce.callConstructor(ConstructorSite.java:108)
at org.codehaus.groovy.runtime.callsite.CallSiteArray.defaultCallConstructor(CallSiteArray.java:57)
at org.codehaus.groovy.runtime.callsite.AbstractCallSite.callConstructor(AbstractCallSite.java:263)
at org.codehaus.groovy.runtime.callsite.AbstractCallSite.callConstructor(AbstractCallSite.java:277)
at io.restassured.internal.ResponseSpecificationImpl$HamcrestAssertionClosure.validate(ResponseSpecificationImpl.groovy:512)
at io.restassured.internal.ResponseSpecificationImpl$HamcrestAssertionClosure$validate$1.call(Unknown Source)
at org.codehaus.groovy.runtime.callsite.CallSiteArray.defaultCall(CallSiteArray.java:45)
at org.codehaus.groovy.runtime.callsite.AbstractCallSite.call(AbstractCallSite.java:125)
at org.codehaus.groovy.runtime.callsite.AbstractCallSite.call(AbstractCallSite.java:139)
at io.restassured.internal.ResponseSpecificationImpl.validateResponseIfRequired(ResponseSpecificationImpl.groovy:696)
at io.restassured.internal.ResponseSpecificationImpl.this$2$validateResponseIfRequired(ResponseSpecificationImpl.groovy)
at java.base/jdk.internal.reflect.DirectMethodHandleAccessor.invoke(DirectMethodHandleAccessor.java:104)
at java.base/java.lang.reflect.Method.invoke(Method.java:578)
at org.codehaus.groovy.runtime.callsite.PlainObjectMetaMethodSite.doInvoke(PlainObjectMetaMethodSite.java:43)
at org.codehaus.groovy.runtime.callsite.PogoMetaMethodSite$PogoCachedMethodSiteNoUnwrapNoCoerce.invoke(PogoMetaMethodSite.java:198)
at org.codehaus.groovy.runtime.callsite.PogoMetaMethodSite.callCurrent(PogoMetaMethodSite.java:62)
at org.codehaus.groovy.runtime.callsite.CallSiteArray.defaultCallCurrent(CallSiteArray.java:49)
at org.codehaus.groovy.runtime.callsite.AbstractCallSite.callCurrent(AbstractCallSite.java:171)
at org.codehaus.groovy.runtime.callsite.AbstractCallSite.callCurrent(AbstractCallSite.java:185)
at io.restassured.internal.ResponseSpecificationImpl.body(ResponseSpecificationImpl.groovy:107)
at io.restassured.internal.ValidatableResponseOptionsImpl.body(ValidatableResponseOptionsImpl.java:238)
at validation_tests.JsonSchemaValidation.jsonSchemavalidation(JsonSchemaValidation.java:36)
at java.base/jdk.internal.reflect.DirectMethodHandleAccessor.invoke(DirectMethodHandleAccessor.java:104)
at java.base/java.lang.reflect.Method.invoke(Method.java:578)
at org.testng.internal.invokers.MethodInvocationHelper.invokeMethod(MethodInvocationHelper.java:139)
at org.testng.internal.invokers.TestInvoker.invokeMethod(TestInvoker.java:664)
at org.testng.internal.invokers.TestInvoker.invokeTestMethod(TestInvoker.java:227)
at org.testng.internal.invokers.MethodRunner.runInSequence(MethodRunner.java:50)
at org.testng.internal.invokers.TestInvoker$MethodInvocationAgent.invoke(TestInvoker.java:957)
at org.testng.internal.invokers.TestInvoker.invokeTestMethods(TestInvoker.java:200)
at org.testng.internal.invokers.TestMethodWorker.invokeTestMethods(TestMethodWorker.java:148)
at org.testng.internal.invokers.TestMethodWorker.run(TestMethodWorker.java:128)
at java.base/java.util.ArrayList.forEach(ArrayList.java:1511)
at org.testng.TestRunner.privateRun(TestRunner.java:848)
at org.testng.TestRunner.run(TestRunner.java:621)
at org.testng.SuiteRunner.runTest(SuiteRunner.java:443)
at org.testng.SuiteRunner.runSequentially(SuiteRunner.java:437)
at org.testng.SuiteRunner.privateRun(SuiteRunner.java:397)
at org.testng.SuiteRunner.run(SuiteRunner.java:336)
at org.testng.SuiteRunnerWorker.runSuite(SuiteRunnerWorker.java:52)
at org.testng.SuiteRunnerWorker.run(SuiteRunnerWorker.java:95)
at org.testng.TestNG.runSuitesSequentially(TestNG.java:1280)
at org.testng.TestNG.runSuitesLocally(TestNG.java:1200)
at org.testng.TestNG.runSuites(TestNG.java:1114)
at org.testng.TestNG.run(TestNG.java:1082)
at org.testng.remote.AbstractRemoteTestNG.run(AbstractRemoteTestNG.java:115)
at org.testng.remote.RemoteTestNG.initAndRun(RemoteTestNG.java:251)
at org.testng.remote.RemoteTestNG.main(RemoteTestNG.java:77)
]]>
    </failure>
  </testcase> <!-- jsonSchemavalidation -->
</testsuite> <!-- validation_tests.JsonSchemaValidation -->
